<?xml version="1.0" encoding="UTF-8"?>
<!-- Generated by org.testng.reporters.JUnitXMLReporter -->
<testsuite hostname="XAV-502000046" failures="0" tests="2" name="test" time="10.178" errors="0" timestamp="11 Jul 2021 17:13:51 GMT">
  <testcase classname="xapQATest.xapLoginPageTest" name="@BeforeClass setUp" time="0.0">
    <failure type="java.lang.NullPointerException">
      <![CDATA[java.lang.NullPointerException
	at com.qa.timeEntry.XAP.qaXAPLogin.loginXap(qaXAPLogin.java:47)
	at xapQATest.xapLoginPageTest.setUp(xapLoginPageTest.java:20)
... Removed 28 stack frames]]>
    </failure>
  </testcase> <!-- @BeforeClass setUp -->
  <testcase classname="xapQATest.xapLoginPageTest" name="@AfterClass close" time="0.0">
    <skipped/>
  </testcase> <!-- @AfterClass close -->
  <testcase classname="xapQATest.xapLoginPageTest" name="checkWelcomeText" time="0.001">
    <skipped/>
  </testcase> <!-- checkWelcomeText -->
  <testcase classname="xapQATest.xapLoginPageTest" name="checkTitle" time="0.0">
    <skipped/>
  </testcase> <!-- checkTitle -->
</testsuite> <!-- test -->
