<?xml version="1.0" encoding="UTF-8"?>
<testsuite xmlns:xsi="http://www.w3.org/2001/XMLSchema-instance" xsi:noNamespaceSchemaLocation="https://maven.apache.org/surefire/maven-surefire-plugin/xsd/surefire-test-report-3.0.xsd" version="3.0" name="TestSuite" time="12.21" tests="4" errors="0" skipped="3" failures="1">
  <properties>
[...]
</properties>
  <testcase name="setUp" classname="xapQATest.xapLoginPageTest" time="11.657">
    <failure type="java.lang.NullPointerException"><![CDATA[java.lang.NullPointerException
	at xapQATest.xapLoginPageTest.setUp(xapLoginPageTest.java:20)
]]></failure>
    <system-out><![CDATA[[TestNGContentHandler] [WARN] It is strongly recommended to add "<!DOCTYPE suite SYSTEM "http://testng.org/testng-1.0.dtd" >" at the top of your file, otherwise TestNG may fail or not work as expected.
]]></system-out>
    <system-err><![CDATA[Starting ChromeDriver 2.46.628402 (536cd7adbad73a3783fdc2cab92ab2ba7ec361e1) on port 17358
Only local connections are allowed.
Please protect ports used by ChromeDriver and related test frameworks to prevent access by malicious code.
Jul 11, 2021 10:43:44 PM org.openqa.selenium.remote.ProtocolHandshake createSession
INFO: Detected dialect: OSS
]]></system-err>
  </testcase>
  <testcase name="checkWelcomeText" classname="xapQATest.xapLoginPageTest" time="0">
    <skipped/>
  </testcase>
  <testcase name="checkTitle" classname="xapQATest.xapLoginPageTest" time="0">
    <skipped/>
  </testcase>
  <testcase name="close" classname="xapQATest.xapLoginPageTest" time="0">
    <skipped/>
  </testcase>
</testsuite>