<?xml version="1.0" encoding="UTF-8"?>
<testng-results total="2" passed="2" failed="0" skipped="0">
  <reporter-output>
  </reporter-output>
  <suite started-at="2021-07-11T15:30:46Z" name="Suite" finished-at="2021-07-11T15:30:56Z" duration-ms="9546">
    <groups>
    </groups>
    <test started-at="2021-07-11T15:30:46Z" name="Parrallel method" finished-at="2021-07-11T15:30:56Z" duration-ms="9546">
      <class name="xapQATest.xapLoginPageTest">
        <test-method is-config="true" signature="setUp()[pri:0, instance:xapQATest.xapLoginPageTest@1a4927d6]" started-at="2021-07-11T21:00:46Z" name="setUp" finished-at="2021-07-11T21:00:56Z" duration-ms="9468" status="PASS">
          <reporter-output>
          </reporter-output>
        </test-method> <!-- setUp -->
        <test-method signature="checkWelcomeText()[pri:1, instance:xapQATest.xapLoginPageTest@1a4927d6]" started-at="2021-07-11T21:00:56Z" name="checkWelcomeText" finished-at="2021-07-11T21:00:56Z" duration-ms="30" status="PASS">
          <reporter-output>
          </reporter-output>
        </test-method> <!-- checkWelcomeText -->
        <test-method signature="checkTitle()[pri:2, instance:xapQATest.xapLoginPageTest@1a4927d6]" started-at="2021-07-11T21:00:56Z" name="checkTitle" finished-at="2021-07-11T21:00:56Z" duration-ms="6" status="PASS">
          <reporter-output>
          </reporter-output>
        </test-method> <!-- checkTitle -->
        <test-method is-config="true" signature="close()[pri:0, instance:xapQATest.xapLoginPageTest@1a4927d6]" started-at="2021-07-11T21:00:56Z" name="close" finished-at="2021-07-11T21:00:56Z" duration-ms="36" status="PASS">
          <reporter-output>
          </reporter-output>
        </test-method> <!-- close -->
      </class> <!-- xapQATest.xapLoginPageTest -->
    </test> <!-- Parrallel method -->
  </suite> <!-- Suite -->
</testng-results>
