<?xml version="1.0" encoding="UTF-8"?>
<testng-results ignored="0" total="2" passed="2" failed="0" skipped="0">
  <reporter-output>
  </reporter-output>
  <suite started-at="2021-07-11T23:31:25 IST" name="Suite" finished-at="2021-07-11T23:31:36 IST" duration-ms="11052">
    <groups>
    </groups>
    <test started-at="2021-07-11T23:31:25 IST" name="test" finished-at="2021-07-11T23:31:36 IST" duration-ms="11052">
      <class name="xapQATest.xapLoginPageTest">
        <test-method is-config="true" signature="setUp()[pri:0, instance:xapQATest.xapLoginPageTest@4de4b452]" started-at="2021-07-11T23:31:25 IST" name="setUp" finished-at="2021-07-11T23:31:36 IST" duration-ms="10915" status="PASS">
          <reporter-output>
          </reporter-output>
        </test-method> <!-- setUp -->
        <test-method signature="checkWelcomeText()[pri:1, instance:xapQATest.xapLoginPageTest@4de4b452]" started-at="2021-07-11T23:31:36 IST" name="checkWelcomeText" finished-at="2021-07-11T23:31:36 IST" duration-ms="49" status="PASS">
          <reporter-output>
          </reporter-output>
        </test-method> <!-- checkWelcomeText -->
        <test-method signature="checkTitle()[pri:2, instance:xapQATest.xapLoginPageTest@4de4b452]" started-at="2021-07-11T23:31:36 IST" name="checkTitle" finished-at="2021-07-11T23:31:36 IST" duration-ms="8" status="PASS">
          <reporter-output>
          </reporter-output>
        </test-method> <!-- checkTitle -->
        <test-method is-config="true" signature="close()[pri:0, instance:xapQATest.xapLoginPageTest@4de4b452]" started-at="2021-07-11T23:31:36 IST" name="close" finished-at="2021-07-11T23:31:36 IST" duration-ms="52" status="PASS">
          <reporter-output>
          </reporter-output>
        </test-method> <!-- close -->
      </class> <!-- xapQATest.xapLoginPageTest -->
    </test> <!-- test -->
  </suite> <!-- Suite -->
</testng-results>
